Error with Permissions-Policy header: Origin trial controlled feature not enabled: 'interest-cohort'.
main.js:62 No move in the last 8 seconds!
playGame @ main.js:62
requestAnimationFrame (async)
playGame @ main.js:66
requestAnimationFrame (async)
playGame @ main.js:66
requestAnimationFrame (async)
playGame @ main.js:66
requestAnimationFrame (async)
playGame @ main.js:66
requestAnimationFrame (async)
playGame @ main.js:66
requestAnimationFrame (async)
playGame @ main.js:66
requestAnimationFrame (async)
playGame @ main.js:66
requestAnimationFrame (async)
playGame @ main.js:66
requestAnimationFrame (async)
playGame @ main.js:66
requestAnimationFrame (async)
playGame @ main.js:66
requestAnimationFrame (async)
playGame @ main.js:66
requestAnimationFrame (async)
playGame @ main.js:66
requestAnimationFrame (async)
playGame @ main.js:66
requestAnimationFrame (async)
playGame @ main.js:66
requestAnimationFrame (async)
playGame @ main.js:66
requestAnimationFrame (async)
playGame @ main.js:66
requestAnimationFrame (async)
playGame @ main.js:66
requestAnimationFrame (async)
playGame @ main.js:66
requestAnimationFrame (async)
playGame @ main.js:66
requestAnimationFrame (async)
playGame @ main.js:66
requestAnimationFrame (async)
playGame @ main.js:66
requestAnimationFrame (async)
playGame @ main.js:66
requestAnimationFrame (async)
playGame @ main.js:66
requestAnimationFrame (async)
playGame @ main.js:66
requestAnimationFrame (async)
playGame @ main.js:66
requestAnimationFrame (async)
playGame @ main.js:66
requestAnimationFrame (async)
playGame @ main.js:66
requestAnimationFrame (async)
playGame @ main.js:66
requestAnimationFrame (async)
playGame @ main.js:66
requestAnimationFrame (async)
playGame @ main.js:66
requestAnimationFrame (async)
playGame @ main.js:66
requestAnimationFrame (async)
playGame @ main.js:66
main.js:62 No move in the last 8 seconds!
playGame @ main.js:62
requestAnimationFrame (async)
playGame @ main.js:66
requestAnimationFrame (async)
playGame @ main.js:66
requestAnimationFrame (async)
playGame @ main.js:66
requestAnimationFrame (async)
playGame @ main.js:66
requestAnimationFrame (async)
playGame @ main.js:66
requestAnimationFrame (async)
playGame @ main.js:66
requestAnimationFrame (async)
playGame @ main.js:66
requestAnimationFrame (async)
playGame @ main.js:66
requestAnimationFrame (async)
playGame @ main.js:66
requestAnimationFrame (async)
playGame @ main.js:66
requestAnimationFrame (async)
playGame @ main.js:66
requestAnimationFrame (async)
playGame @ main.js:66
requestAnimationFrame (async)
playGame @ main.js:66
requestAnimationFrame (async)
playGame @ main.js:66
requestAnimationFrame (async)
playGame @ main.js:66
requestAnimationFrame (async)
playGame @ main.js:66
requestAnimationFrame (async)
playGame @ main.js:66
requestAnimationFrame (async)
playGame @ main.js:66
requestAnimationFrame (async)
playGame @ main.js:66
requestAnimationFrame (async)
playGame @ main.js:66
requestAnimationFrame (async)
playGame @ main.js:66
requestAnimationFrame (async)
playGame @ main.js:66
requestAnimationFrame (async)
playGame @ main.js:66
requestAnimationFrame (async)
playGame @ main.js:66
requestAnimationFrame (async)
playGame @ main.js:66
requestAnimationFrame (async)
playGame @ main.js:66
requestAnimationFrame (async)
playGame @ main.js:66
requestAnimationFrame (async)
playGame @ main.js:66
requestAnimationFrame (async)
playGame @ main.js:66
requestAnimationFrame (async)
playGame @ main.js:66
requestAnimationFrame (async)
playGame @ main.js:66
requestAnimationFrame (async)
playGame @ main.js:66
main.js:62 No move in the last 8 seconds!
playGame @ main.js:62
requestAnimationFrame (async)
playGame @ main.js:66
requestAnimationFrame (async)
playGame @ main.js:66
requestAnimationFrame (async)
playGame @ main.js:66
requestAnimationFrame (async)
playGame @ main.js:66
requestAnimationFrame (async)
playGame @ main.js:66
requestAnimationFrame (async)
playGame @ main.js:66
requestAnimationFrame (async)
playGame @ main.js:66
requestAnimationFrame (async)
playGame @ main.js:66
requestAnimationFrame (async)
playGame @ main.js:66
requestAnimationFrame (async)
playGame @ main.js:66
requestAnimationFrame (async)
playGame @ main.js:66
requestAnimationFrame (async)
playGame @ main.js:66
requestAnimationFrame (async)
playGame @ main.js:66
requestAnimationFrame (async)
playGame @ main.js:66
requestAnimationFrame (async)
playGame @ main.js:66
requestAnimationFrame (async)
playGame @ main.js:66
requestAnimationFrame (async)
playGame @ main.js:66
requestAnimationFrame (async)
playGame @ main.js:66
requestAnimationFrame (async)
playGame @ main.js:66
requestAnimationFrame (async)
playGame @ main.js:66
requestAnimationFrame (async)
playGame @ main.js:66
requestAnimationFrame (async)
playGame @ main.js:66
requestAnimationFrame (async)
playGame @ main.js:66
requestAnimationFrame (async)
playGame @ main.js:66
requestAnimationFrame (async)
playGame @ main.js:66
requestAnimationFrame (async)
playGame @ main.js:66
requestAnimationFrame (async)
playGame @ main.js:66
requestAnimationFrame (async)
playGame @ main.js:66
requestAnimationFrame (async)
playGame @ main.js:66
requestAnimationFrame (async)
playGame @ main.js:66
requestAnimationFrame (async)
playGame @ main.js:66
requestAnimationFrame (async)
playGame @ main.js:66
main.js:62 No move in the last 8 seconds!
playGame @ main.js:62
requestAnimationFrame (async)
playGame @ main.js:66
requestAnimationFrame (async)
playGame @ main.js:66
requestAnimationFrame (async)
playGame @ main.js:66
requestAnimationFrame (async)
playGame @ main.js:66
requestAnimationFrame (async)
playGame @ main.js:66
requestAnimationFrame (async)
playGame @ main.js:66
requestAnimationFrame (async)
playGame @ main.js:66
requestAnimationFrame (async)
playGame @ main.js:66
requestAnimationFrame (async)
playGame @ main.js:66
requestAnimationFrame (async)
playGame @ main.js:66
requestAnimationFrame (async)
playGame @ main.js:66
requestAnimationFrame (async)
playGame @ main.js:66
requestAnimationFrame (async)
playGame @ main.js:66
requestAnimationFrame (async)
playGame @ main.js:66
requestAnimationFrame (async)
playGame @ main.js:66
requestAnimationFrame (async)
playGame @ main.js:66
requestAnimationFrame (async)
playGame @ main.js:66
requestAnimationFrame (async)
playGame @ main.js:66
requestAnimationFrame (async)
playGame @ main.js:66
requestAnimationFrame (async)
playGame @ main.js:66
requestAnimationFrame (async)
playGame @ main.js:66
requestAnimationFrame (async)
playGame @ main.js:66
requestAnimationFrame (async)
playGame @ main.js:66
requestAnimationFrame (async)
playGame @ main.js:66
requestAnimationFrame (async)
playGame @ main.js:66
requestAnimationFrame (async)
playGame @ main.js:66
requestAnimationFrame (async)
playGame @ main.js:66
requestAnimationFrame (async)
playGame @ main.js:66
requestAnimationFrame (async)
playGame @ main.js:66
requestAnimationFrame (async)
playGame @ main.js:66
requestAnimationFrame (async)
playGame @ main.js:66
requestAnimationFrame (async)
playGame @ main.js:66
main.js:62 No move in the last 8 seconds!
playGame @ main.js:62
requestAnimationFrame (async)
playGame @ main.js:66
requestAnimationFrame (async)
playGame @ main.js:66
requestAnimationFrame (async)
playGame @ main.js:66
requestAnimationFrame (async)
playGame @ main.js:66
requestAnimationFrame (async)
playGame @ main.js:66
requestAnimationFrame (async)
playGame @ main.js:66
requestAnimationFrame (async)
playGame @ main.js:66
requestAnimationFrame (async)
playGame @ main.js:66
requestAnimationFrame (async)
playGame @ main.js:66
requestAnimationFrame (async)
playGame @ main.js:66
requestAnimationFrame (async)
playGame @ main.js:66
requestAnimationFrame (async)
playGame @ main.js:66
requestAnimationFrame (async)
playGame @ main.js:66
requestAnimationFrame (async)
playGame @ main.js:66
requestAnimationFrame (async)
playGame @ main.js:66
requestAnimationFrame (async)
playGame @ main.js:66
requestAnimationFrame (async)
playGame @ main.js:66
requestAnimationFrame (async)
playGame @ main.js:66
requestAnimationFrame (async)
playGame @ main.js:66
requestAnimationFrame (async)
playGame @ main.js:66
requestAnimationFrame (async)
playGame @ main.js:66
requestAnimationFrame (async)
playGame @ main.js:66
requestAnimationFrame (async)
playGame @ main.js:66
requestAnimationFrame (async)
playGame @ main.js:66
requestAnimationFrame (async)
playGame @ main.js:66
requestAnimationFrame (async)
playGame @ main.js:66
requestAnimationFrame (async)
playGame @ main.js:66
requestAnimationFrame (async)
playGame @ main.js:66
requestAnimationFrame (async)
playGame @ main.js:66
requestAnimationFrame (async)
playGame @ main.js:66
requestAnimationFrame (async)
playGame @ main.js:66
requestAnimationFrame (async)
playGame @ main.js:66
main.js:62 No move in the last 8 seconds!
playGame @ main.js:62
requestAnimationFrame (async)
playGame @ main.js:66
requestAnimationFrame (async)
playGame @ main.js:66
requestAnimationFrame (async)
playGame @ main.js:66
requestAnimationFrame (async)
playGame @ main.js:66
requestAnimationFrame (async)
playGame @ main.js:66
requestAnimationFrame (async)
playGame @ main.js:66
requestAnimationFrame (async)
playGame @ main.js:66
requestAnimationFrame (async)
playGame @ main.js:66
requestAnimationFrame (async)
playGame @ main.js:66
requestAnimationFrame (async)
playGame @ main.js:66
requestAnimationFrame (async)
playGame @ main.js:66
requestAnimationFrame (async)
playGame @ main.js:66
requestAnimationFrame (async)
playGame @ main.js:66
requestAnimationFrame (async)
playGame @ main.js:66
requestAnimationFrame (async)
playGame @ main.js:66
requestAnimationFrame (async)
playGame @ main.js:66
requestAnimationFrame (async)
playGame @ main.js:66
requestAnimationFrame (async)
playGame @ main.js:66
requestAnimationFrame (async)
playGame @ main.js:66
requestAnimationFrame (async)
playGame @ main.js:66
requestAnimationFrame (async)
playGame @ main.js:66
requestAnimationFrame (async)
playGame @ main.js:66
requestAnimationFrame (async)
playGame @ main.js:66
requestAnimationFrame (async)
playGame @ main.js:66
requestAnimationFrame (async)
playGame @ main.js:66
requestAnimationFrame (async)
playGame @ main.js:66
requestAnimationFrame (async)
playGame @ main.js:66
requestAnimationFrame (async)
playGame @ main.js:66
requestAnimationFrame (async)
playGame @ main.js:66
requestAnimationFrame (async)
playGame @ main.js:66
requestAnimationFrame (async)
playGame @ main.js:66
requestAnimationFrame (async)
playGame @ main.js:66
players.js:1 Aborted(Assertion failed: table, at: /usr/local/Cellar/google-sparsehash/2.0.4/include/sparsehash/internal/densehashtable.h,788,clear_to_size)
abort @ players.js:1
___assert_fail @ players.js:1
$func230 @ players.wasm:0xe06d
$func147 @ players.wasm:0x935b
$func289 @ players.wasm:0x161a7
$func157 @ players.wasm:0x9eef
$func157 @ players.wasm:0x9e6c
$func157 @ players.wasm:0x9e54
$func157 @ players.wasm:0x9e6c
$func157 @ players.wasm:0x9e54
$func157 @ players.wasm:0x9e54
$B @ players.wasm:0x1f9ae
AiController.pick_move @ ai_controller.js:69
onmessage @ ai_controller.js:16
ErrorEvent {isTrusted: true, message: 'Uncaught RuntimeError: Aborted(Assertion failed: t…_size). Build with -s ASSERTIONS=1 for more info.', filename: 'https://qpwoeirut.github.io/2048/js/players.js', lineno: 1, colno: 8229, …}
players.js:1 Uncaught RuntimeError: Aborted(Assertion failed: table, at: /usr/local/Cellar/google-sparsehash/2.0.4/include/sparsehash/internal/densehashtable.h,788,clear_to_size). Build with -s ASSERTIONS=1 for more info.
    at abort (players.js:1:8229)
    at ___assert_fail (players.js:1:11629)
    at players.wasm:0xe06d
    at players.wasm:0x935b
    at players.wasm:0x161a7
    at players.wasm:0x9eef
    at players.wasm:0x9e6c
    at players.wasm:0x9e54
    at players.wasm:0x9e6c
    at players.wasm:0x9e54
abort @ players.js:1
___assert_fail @ players.js:1
$func230 @ players.wasm:0xe06d
$func147 @ players.wasm:0x935b
$func289 @ players.wasm:0x161a7
$func157 @ players.wasm:0x9eef
$func157 @ players.wasm:0x9e6c
$func157 @ players.wasm:0x9e54
$func157 @ players.wasm:0x9e6c
$func157 @ players.wasm:0x9e54
$func157 @ players.wasm:0x9e54
$B @ players.wasm:0x1f9ae
AiController.pick_move @ ai_controller.js:69
onmessage @ ai_controller.js:16
main.js:62 No move in the last 8 seconds!
playGame @ main.js:62
requestAnimationFrame (async)
playGame @ main.js:66
requestAnimationFrame (async)
playGame @ main.js:66
requestAnimationFrame (async)
playGame @ main.js:66
requestAnimationFrame (async)
playGame @ main.js:66
requestAnimationFrame (async)
playGame @ main.js:66
requestAnimationFrame (async)
playGame @ main.js:66
requestAnimationFrame (async)
playGame @ main.js:66
requestAnimationFrame (async)
playGame @ main.js:66
requestAnimationFrame (async)
playGame @ main.js:66
requestAnimationFrame (async)
playGame @ main.js:66
requestAnimationFrame (async)
playGame @ main.js:66
requestAnimationFrame (async)
playGame @ main.js:66
requestAnimationFrame (async)
playGame @ main.js:66
requestAnimationFrame (async)
playGame @ main.js:66
requestAnimationFrame (async)
playGame @ main.js:66
requestAnimationFrame (async)
playGame @ main.js:66
requestAnimationFrame (async)
playGame @ main.js:66
requestAnimationFrame (async)
playGame @ main.js:66
requestAnimationFrame (async)
playGame @ main.js:66
requestAnimationFrame (async)
playGame @ main.js:66
requestAnimationFrame (async)
playGame @ main.js:66
requestAnimationFrame (async)
playGame @ main.js:66
requestAnimationFrame (async)
playGame @ main.js:66
requestAnimationFrame (async)
playGame @ main.js:66
requestAnimationFrame (async)
playGame @ main.js:66
requestAnimationFrame (async)
playGame @ main.js:66
requestAnimationFrame (async)
playGame @ main.js:66
requestAnimationFrame (async)
playGame @ main.js:66
requestAnimationFrame (async)
playGame @ main.js:66
requestAnimationFrame (async)
playGame @ main.js:66
requestAnimationFrame (async)
playGame @ main.js:66
requestAnimationFrame (async)
playGame @ main.js:66
players.js:1 Aborted(Assertion failed: table, at: /usr/local/Cellar/google-sparsehash/2.0.4/include/sparsehash/internal/densehashtable.h,788,clear_to_size)
abort @ players.js:1
___assert_fail @ players.js:1
$func230 @ players.wasm:0xe06d
$func147 @ players.wasm:0x935b
$func289 @ players.wasm:0x161a7
$func157 @ players.wasm:0x9eef
$func157 @ players.wasm:0x9e6c
$func157 @ players.wasm:0x9e54
$func157 @ players.wasm:0x9e6c
$func157 @ players.wasm:0x9e54
$func157 @ players.wasm:0x9e54
$B @ players.wasm:0x1f9ae
AiController.pick_move @ ai_controller.js:69
onmessage @ ai_controller.js:16
ErrorEvent {isTrusted: true, message: 'Uncaught RuntimeError: Aborted(Assertion failed: t…_size). Build with -s ASSERTIONS=1 for more info.', filename: 'https://qpwoeirut.github.io/2048/js/players.js', lineno: 1, colno: 8229, …}
players.js:1 Uncaught RuntimeError: Aborted(Assertion failed: table, at: /usr/local/Cellar/google-sparsehash/2.0.4/include/sparsehash/internal/densehashtable.h,788,clear_to_size). Build with -s ASSERTIONS=1 for more info.
    at abort (players.js:1:8229)
    at ___assert_fail (players.js:1:11629)
    at players.wasm:0xe06d
    at players.wasm:0x935b
    at players.wasm:0x161a7
    at players.wasm:0x9eef
    at players.wasm:0x9e6c
    at players.wasm:0x9e54
    at players.wasm:0x9e6c
    at players.wasm:0x9e54
abort @ players.js:1
___assert_fail @ players.js:1
$func230 @ players.wasm:0xe06d
$func147 @ players.wasm:0x935b
$func289 @ players.wasm:0x161a7
$func157 @ players.wasm:0x9eef
$func157 @ players.wasm:0x9e6c
$func157 @ players.wasm:0x9e54
$func157 @ players.wasm:0x9e6c
$func157 @ players.wasm:0x9e54
$func157 @ players.wasm:0x9e54
$B @ players.wasm:0x1f9ae
AiController.pick_move @ ai_controller.js:69
onmessage @ ai_controller.js:16
main.js:62 No move in the last 8 seconds!
playGame @ main.js:62
requestAnimationFrame (async)
playGame @ main.js:66
requestAnimationFrame (async)
playGame @ main.js:66
requestAnimationFrame (async)
playGame @ main.js:66
requestAnimationFrame (async)
playGame @ main.js:66
requestAnimationFrame (async)
playGame @ main.js:66
requestAnimationFrame (async)
playGame @ main.js:66
requestAnimationFrame (async)
playGame @ main.js:66
requestAnimationFrame (async)
playGame @ main.js:66
requestAnimationFrame (async)
playGame @ main.js:66
requestAnimationFrame (async)
playGame @ main.js:66
requestAnimationFrame (async)
playGame @ main.js:66
requestAnimationFrame (async)
playGame @ main.js:66
requestAnimationFrame (async)
playGame @ main.js:66
requestAnimationFrame (async)
playGame @ main.js:66
requestAnimationFrame (async)
playGame @ main.js:66
requestAnimationFrame (async)
playGame @ main.js:66
requestAnimationFrame (async)
playGame @ main.js:66
requestAnimationFrame (async)
playGame @ main.js:66
requestAnimationFrame (async)
playGame @ main.js:66
requestAnimationFrame (async)
playGame @ main.js:66
requestAnimationFrame (async)
playGame @ main.js:66
requestAnimationFrame (async)
playGame @ main.js:66
requestAnimationFrame (async)
playGame @ main.js:66
requestAnimationFrame (async)
playGame @ main.js:66
requestAnimationFrame (async)
playGame @ main.js:66
requestAnimationFrame (async)
playGame @ main.js:66
requestAnimationFrame (async)
playGame @ main.js:66
requestAnimationFrame (async)
playGame @ main.js:66
requestAnimationFrame (async)
playGame @ main.js:66
requestAnimationFrame (async)
playGame @ main.js:66
requestAnimationFrame (async)
playGame @ main.js:66
requestAnimationFrame (async)
playGame @ main.js:66
players.js:1 Aborted(Assertion failed: table, at: /usr/local/Cellar/google-sparsehash/2.0.4/include/sparsehash/internal/densehashtable.h,788,clear_to_size)
abort @ players.js:1
___assert_fail @ players.js:1
$func230 @ players.wasm:0xe06d
$func147 @ players.wasm:0x935b
$func289 @ players.wasm:0x161a7
$func157 @ players.wasm:0x9eef
$func157 @ players.wasm:0x9e6c
$func157 @ players.wasm:0x9e54
$func157 @ players.wasm:0x9e6c
$func157 @ players.wasm:0x9e54
$func157 @ players.wasm:0x9e54
$B @ players.wasm:0x1f9ae
AiController.pick_move @ ai_controller.js:69
onmessage @ ai_controller.js:16
ErrorEvent {isTrusted: true, message: 'Uncaught RuntimeError: Aborted(Assertion failed: t…_size). Build with -s ASSERTIONS=1 for more info.', filename: 'https://qpwoeirut.github.io/2048/js/players.js', lineno: 1, colno: 8229, …}
players.js:1 Uncaught RuntimeError: Aborted(Assertion failed: table, at: /usr/local/Cellar/google-sparsehash/2.0.4/include/sparsehash/internal/densehashtable.h,788,clear_to_size). Build with -s ASSERTIONS=1 for more info.
    at abort (players.js:1:8229)
    at ___assert_fail (players.js:1:11629)
    at players.wasm:0xe06d
    at players.wasm:0x935b
    at players.wasm:0x161a7
    at players.wasm:0x9eef
    at players.wasm:0x9e6c
    at players.wasm:0x9e54
    at players.wasm:0x9e6c
    at players.wasm:0x9e54
abort @ players.js:1
___assert_fail @ players.js:1
$func230 @ players.wasm:0xe06d
$func147 @ players.wasm:0x935b
$func289 @ players.wasm:0x161a7
$func157 @ players.wasm:0x9eef
$func157 @ players.wasm:0x9e6c
$func157 @ players.wasm:0x9e54
$func157 @ players.wasm:0x9e6c
$func157 @ players.wasm:0x9e54
$func157 @ players.wasm:0x9e54
$B @ players.wasm:0x1f9ae
AiController.pick_move @ ai_controller.js:69
onmessage @ ai_controller.js:16
main.js:62 No move in the last 8 seconds!
playGame @ main.js:62
requestAnimationFrame (async)
playGame @ main.js:66
requestAnimationFrame (async)
playGame @ main.js:66
requestAnimationFrame (async)
playGame @ main.js:66
requestAnimationFrame (async)
playGame @ main.js:66
requestAnimationFrame (async)
playGame @ main.js:66
requestAnimationFrame (async)
playGame @ main.js:66
requestAnimationFrame (async)
playGame @ main.js:66
requestAnimationFrame (async)
playGame @ main.js:66
requestAnimationFrame (async)
playGame @ main.js:66
requestAnimationFrame (async)
playGame @ main.js:66
requestAnimationFrame (async)
playGame @ main.js:66
requestAnimationFrame (async)
playGame @ main.js:66
requestAnimationFrame (async)
playGame @ main.js:66
requestAnimationFrame (async)
playGame @ main.js:66
requestAnimationFrame (async)
playGame @ main.js:66
requestAnimationFrame (async)
playGame @ main.js:66
requestAnimationFrame (async)
playGame @ main.js:66
requestAnimationFrame (async)
playGame @ main.js:66
requestAnimationFrame (async)
playGame @ main.js:66
requestAnimationFrame (async)
playGame @ main.js:66
requestAnimationFrame (async)
playGame @ main.js:66
requestAnimationFrame (async)
playGame @ main.js:66
requestAnimationFrame (async)
playGame @ main.js:66
requestAnimationFrame (async)
playGame @ main.js:66
requestAnimationFrame (async)
playGame @ main.js:66
requestAnimationFrame (async)
playGame @ main.js:66
requestAnimationFrame (async)
playGame @ main.js:66
requestAnimationFrame (async)
playGame @ main.js:66
requestAnimationFrame (async)
playGame @ main.js:66
requestAnimationFrame (async)
playGame @ main.js:66
requestAnimationFrame (async)
playGame @ main.js:66
requestAnimationFrame (async)
playGame @ main.js:66
players.js:1 Aborted(Assertion failed: table, at: /usr/local/Cellar/google-sparsehash/2.0.4/include/sparsehash/internal/densehashtable.h,788,clear_to_size)
abort @ players.js:1
___assert_fail @ players.js:1
$func230 @ players.wasm:0xe06d
$func147 @ players.wasm:0x935b
$func289 @ players.wasm:0x161a7
$func157 @ players.wasm:0x9eef
$func157 @ players.wasm:0x9e6c
$func157 @ players.wasm:0x9e54
$func157 @ players.wasm:0x9e6c
$func157 @ players.wasm:0x9e54
$func157 @ players.wasm:0x9e54
$B @ players.wasm:0x1f9ae
AiController.pick_move @ ai_controller.js:69
onmessage @ ai_controller.js:16
ErrorEvent {isTrusted: true, message: 'Uncaught RuntimeError: Aborted(Assertion failed: t…_size). Build with -s ASSERTIONS=1 for more info.', filename: 'https://qpwoeirut.github.io/2048/js/players.js', lineno: 1, colno: 8229, …}
players.js:1 Uncaught RuntimeError: Aborted(Assertion failed: table, at: /usr/local/Cellar/google-sparsehash/2.0.4/include/sparsehash/internal/densehashtable.h,788,clear_to_size). Build with -s ASSERTIONS=1 for more info.
    at abort (players.js:1:8229)
    at ___assert_fail (players.js:1:11629)
    at players.wasm:0xe06d
    at players.wasm:0x935b
    at players.wasm:0x161a7
    at players.wasm:0x9eef
    at players.wasm:0x9e6c
    at players.wasm:0x9e54
    at players.wasm:0x9e6c
    at players.wasm:0x9e54
abort @ players.js:1
___assert_fail @ players.js:1
$func230 @ players.wasm:0xe06d
$func147 @ players.wasm:0x935b
$func289 @ players.wasm:0x161a7
$func157 @ players.wasm:0x9eef
$func157 @ players.wasm:0x9e6c
$func157 @ players.wasm:0x9e54
$func157 @ players.wasm:0x9e6c
$func157 @ players.wasm:0x9e54
$func157 @ players.wasm:0x9e54
$B @ players.wasm:0x1f9ae
AiController.pick_move @ ai_controller.js:69
onmessage @ ai_controller.js:16
